x:\gitdovah\obs-studio\plugins\bongobs-cat\gl\glfw\src\glfw.dir\release\context.obj
x:\gitdovah\obs-studio\plugins\bongobs-cat\gl\glfw\src\glfw.dir\release\input.obj
x:\gitdovah\obs-studio\plugins\bongobs-cat\gl\glfw\src\glfw.dir\release\window.obj
x:\gitdovah\obs-studio\plugins\bongobs-cat\gl\glfw\src\glfw.dir\release\win32_joystick.obj
x:\gitdovah\obs-studio\plugins\bongobs-cat\gl\glfw\src\glfw.dir\release\win32_time.obj
x:\gitdovah\obs-studio\plugins\bongobs-cat\gl\glfw\src\glfw.dir\release\win32_window.obj
x:\gitdovah\obs-studio\plugins\bongobs-cat\gl\glfw\src\glfw.dir\release\egl_context.obj
x:\gitdovah\obs-studio\plugins\bongobs-cat\gl\glfw\src\glfw.dir\release\init.obj
x:\gitdovah\obs-studio\plugins\bongobs-cat\gl\glfw\src\glfw.dir\release\monitor.obj
x:\gitdovah\obs-studio\plugins\bongobs-cat\gl\glfw\src\glfw.dir\release\vulkan.obj
x:\gitdovah\obs-studio\plugins\bongobs-cat\gl\glfw\src\glfw.dir\release\win32_init.obj
x:\gitdovah\obs-studio\plugins\bongobs-cat\gl\glfw\src\glfw.dir\release\win32_monitor.obj
x:\gitdovah\obs-studio\plugins\bongobs-cat\gl\glfw\src\glfw.dir\release\win32_thread.obj
x:\gitdovah\obs-studio\plugins\bongobs-cat\gl\glfw\src\glfw.dir\release\wgl_context.obj
x:\gitdovah\obs-studio\plugins\bongobs-cat\gl\glfw\src\glfw.dir\release\osmesa_context.obj
x:\gitdovah\obs-studio\plugins\bongobs-cat\gl\glfw\src\cmakefiles\generate.stamp
x:\gitdovah\obs-studio\plugins\bongobs-cat\gl\glfw\src\release\glfw3.lib
x:\gitdovah\obs-studio\plugins\bongobs-cat\gl\glfw\src\glfw.dir\release\glfw.tlog\cl.27204.write.1.tlog
x:\gitdovah\obs-studio\plugins\bongobs-cat\gl\glfw\src\glfw.dir\release\glfw.tlog\cl.command.1.tlog
x:\gitdovah\obs-studio\plugins\bongobs-cat\gl\glfw\src\glfw.dir\release\glfw.tlog\cl.read.1.tlog
x:\gitdovah\obs-studio\plugins\bongobs-cat\gl\glfw\src\glfw.dir\release\glfw.tlog\custombuild.command.1.tlog
x:\gitdovah\obs-studio\plugins\bongobs-cat\gl\glfw\src\glfw.dir\release\glfw.tlog\custombuild.read.1.tlog
x:\gitdovah\obs-studio\plugins\bongobs-cat\gl\glfw\src\glfw.dir\release\glfw.tlog\custombuild.write.1.tlog
x:\gitdovah\obs-studio\plugins\bongobs-cat\gl\glfw\src\glfw.dir\release\glfw.tlog\lib-link.read.1.tlog
x:\gitdovah\obs-studio\plugins\bongobs-cat\gl\glfw\src\glfw.dir\release\glfw.tlog\lib-link.write.1.tlog
x:\gitdovah\obs-studio\plugins\bongobs-cat\gl\glfw\src\glfw.dir\release\glfw.tlog\lib.command.1.tlog
